<?xml version="1.0" encoding="UTF-8"?>
<!-- Generated by org.testng.reporters.JUnitReportReporter -->
<testsuite hostname="LAPTOP-DU21FBVS" failures="0" tests="1" name="TestProject.ExcelData.ReadData" time="1.657" errors="0" timestamp="2025-04-19T11:09:15 IST" skipped="0">
  <testcase classname="TestProject.ExcelData.ReadData" name="excelDatatest" time="1.657"/>
</testsuite> <!-- TestProject.ExcelData.ReadData -->
