<?xml version="1.0" encoding="UTF-8"?>
<!-- Generated by org.testng.reporters.JUnitReportReporter -->
<testsuite hostname="LAPTOP-DU21FBVS" failures="0" tests="1" name="TestProject.ExcelData.ReadData" time="2.113" errors="0" timestamp="2025-04-19T11:28:58 IST" skipped="0">
  <testcase classname="TestProject.ExcelData.ReadData" name="excelDatatest" time="2.113"/>
</testsuite> <!-- TestProject.ExcelData.ReadData -->
